Loading dataset...
Engineering categorical features...
Selecting features...
Splitting train/val/test...
Applying log1p to skewed features...
Feature selection (variance + mutual information)...
Scaling features (standard)...
Stage 1: Training QCBM on normal traffic...
  Laplace smoothing alpha=1.0
  Optimizer: ADAM  lr=0.01  beta1=0.9  beta2=0.999
  [AerSimulator] GPU not available — using CPU statevector simulation
  Gradient: parameter-shift rule  [batched GPU (321 circuits/job)]
  ADAM iter 10/1500: loss=5.810906  best=5.810906
  ADAM iter 20/1500: loss=5.210556  best=5.210556
  ADAM iter 30/1500: loss=4.825621  best=4.825621
  ADAM iter 40/1500: loss=4.545495  best=4.545495
  ADAM iter 50/1500: loss=4.318048  best=4.318048
  ADAM iter 60/1500: loss=4.172354  best=4.172354
  ADAM iter 70/1500: loss=4.061322  best=4.061322
  ADAM iter 80/1500: loss=3.966320  best=3.966320
  ADAM iter 90/1500: loss=3.865710  best=3.865710
  ADAM iter 100/1500: loss=3.707176  best=3.707176
  ADAM iter 110/1500: loss=3.588920  best=3.588920
  ADAM iter 120/1500: loss=3.572762  best=3.572762
  ADAM iter 130/1500: loss=3.440882  best=3.440882
  ADAM iter 140/1500: loss=3.425950  best=3.409240
  ADAM iter 150/1500: loss=3.544148  best=3.409240
  Early stop at iter 150  best_loss=3.409240
  Final KL(normal || model) : 3.409616
  Final KL(anomaly || model): 4.873543  (set --contrast-margin above this to activate contrastive loss)

Stage 1 metrics:
  Metric         F1 threshold  Youden threshold
  ---------------------------------------------
  ROC-AUC              0.5903            0.5903
  PR-AUC               0.1900            0.1900
  F1                   0.3214            0.3214
  Precision            0.2038            0.2038
  Recall/DR            0.7600            0.7600
  FAR                  0.3673            0.3673
  MCC                  0.2499            0.2499
  TP                    42494             42494
  FP                   166039            166039
  FN                    13417             13417
  TN                   285997            285997

  F1 threshold    : 0.742791  (val F1=0.3233)
  Youden threshold: 0.742791  (val J=0.3953)
  Tail threshold  : 1.368135  (p=0.990)
Stage 2: Training XGBoost broad-family classifier (Flood / Probe / Exploit / Persistence)...
Stage 2 metrics (broad families, true anomalies only):
  Accuracy : 0.8351
  Macro-F1 : 0.6383

Per-family report:
              precision    recall  f1-score   support

     Exploit       0.77      0.61      0.68      8921
       Flood       1.00      0.90      0.95     38245
 Persistence       0.06      0.84      0.12       521
       Probe       0.86      0.76      0.81      8224

    accuracy                           0.84     55911
   macro avg       0.67      0.78      0.64     55911
weighted avg       0.93      0.84      0.88     55911

Stage 2 predictions on Stage 1 anomalies (broad families):
  Exploit: 119585
  Flood: 78032
  Persistence: 8325
  Probe: 2591
Stage 3: Training XGBoost specific-category classifiers per attack family...
  [Exploit] trained on 30903 samples | categories: Exploits, Shellcode
    Test accuracy: 0.9683  Macro-F1: 0.8185
                  precision    recall  f1-score   support
    
        Exploits       1.00      0.97      0.98      8622
       Shellcode       0.52      0.89      0.65       299
    
        accuracy                           0.97      8921
       macro avg       0.76      0.93      0.82      8921
    weighted avg       0.98      0.97      0.97      8921
    
  [Flood] trained on 133608 samples | categories: DoS, Generic
    Test accuracy: 0.9829  Macro-F1: 0.9448
                  precision    recall  f1-score   support
    
             DoS       0.82      0.99      0.90      2938
         Generic       1.00      0.98      0.99     35307
    
        accuracy                           0.98     38245
       macro avg       0.91      0.99      0.94     38245
    weighted avg       0.99      0.98      0.98     38245
    
  [Persistence] trained on 1872 samples | categories: Backdoor, Worms
    Test accuracy: 0.9904  Macro-F1: 0.9680
                  precision    recall  f1-score   support
    
        Backdoor       1.00      0.99      0.99       480
           Worms       0.91      0.98      0.94        41
    
        accuracy                           0.99       521
       macro avg       0.95      0.98      0.97       521
    weighted avg       0.99      0.99      0.99       521
    
  [Probe] trained on 28811 samples | categories: Analysis, Fuzzers, Reconnaissance
    Test accuracy: 0.8555  Macro-F1: 0.7729
                    precision    recall  f1-score   support
    
          Analysis       0.34      0.98      0.51       533
           Fuzzers       0.98      0.84      0.90      4980
    Reconnaissance       0.96      0.86      0.90      2711
    
          accuracy                           0.86      8224
         macro avg       0.76      0.89      0.77      8224
      weighted avg       0.93      0.86      0.88      8224
    
Stage 3 complete: 4 family models trained: ['Exploit', 'Flood', 'Persistence', 'Probe']
Saving artifacts...
Pipeline complete.
